#
# There is insufficient memory for the Java Runtime Environment to continue.
# Native memory allocation (malloc) failed to allocate 348848 bytes. Error detail: Chunk::new
# Possible reasons:
#   The system is out of physical RAM or swap space
#   This process is running with CompressedOops enabled, and the Java Heap may be blocking the growth of the native heap
# Possible solutions:
#   Reduce memory load on the system
#   Increase physical memory or swap space
#   Check if swap backing store is full
#   Decrease Java heap size (-Xmx/-Xms)
#   Decrease number of Java threads
#   Decrease Java thread stack sizes (-Xss)
#   Set larger code cache with -XX:ReservedCodeCacheSize=
#   JVM is running with Unscaled Compressed Oops mode in which the Java heap is
#     placed in the first 4GB address space. The Java Heap base address is the
#     maximum limit for the native heap growth. Please use -XX:HeapBaseMinAddress
#     to set the Java Heap base and to place the Java Heap above 4GB virtual address.
# This output file may be truncated or incomplete.
#
#  Out of Memory Error (arena.cpp:149), pid=34036, tid=34328
#
# JRE version: Java(TM) SE Runtime Environment (23.0+37) (build 23+37-2369)
# Java VM: Java HotSpot(TM) 64-Bit Server VM (23+37-2369, mixed mode, sharing, tiered, compressed oops, compressed class ptrs, g1 gc, windows-amd64)
# No core dump will be written. Minidumps are not enabled by default on client versions of Windows
#

---------------  S U M M A R Y ------------

Command Line: --enable-native-access=ALL-UNNAMED -Dclassworlds.conf=C:\Users\KUSH\.m2\wrapper\dists\apache-maven-3.9.11\d6d3cbd4012d4c1d840e93277aca316c\bin\m2.conf -Dmaven.home=C:\Users\KUSH\.m2\wrapper\dists\apache-maven-3.9.11\d6d3cbd4012d4c1d840e93277aca316c -Dlibrary.jansi.path=C:\Users\KUSH\.m2\wrapper\dists\apache-maven-3.9.11\d6d3cbd4012d4c1d840e93277aca316c\lib\jansi-native -Dmaven.multiModuleProjectDirectory=A:\cargoProAssignment org.codehaus.plexus.classworlds.launcher.Launcher clean test

Host: 12th Gen Intel(R) Core(TM) i5-1235U, 12 cores, 7G,  Windows 11 , 64 bit Build 26100 (10.0.26100.4768)
Time: Thu Jul 31 14:05:01 2025 India Standard Time elapsed time: 15.239603 seconds (0d 0h 0m 15s)

---------------  T H R E A D  ---------------

Current thread (0x0000029a43c3be40):  JavaThread "C2 CompilerThread0" daemon [_thread_in_native, id=34328, stack(0x000000b5e9d00000,0x000000b5e9e00000) (1024K)]


Current CompileTask:
C2:15239 6398   !   4       com.sun.tools.javac.jvm.ClassReader::classSigToType (530 bytes)

Stack: [0x000000b5e9d00000,0x000000b5e9e00000]
Native frames: (J=compiled Java code, j=interpreted, Vv=VM code, C=native code)
V  [jvm.dll+0x6e08a9]  (no source info available)
V  [jvm.dll+0x87da63]  (no source info available)
V  [jvm.dll+0x87feee]  (no source info available)
V  [jvm.dll+0x8805c3]  (no source info available)
V  [jvm.dll+0x27aee6]  (no source info available)
V  [jvm.dll+0xbc06f]  (no source info available)
V  [jvm.dll+0xbc2cb]  (no source info available)
V  [jvm.dll+0x3b3a9c]  (no source info available)
V  [jvm.dll+0x38a42b]  (no source info available)
V  [jvm.dll+0x38989a]  (no source info available)
V  [jvm.dll+0x244aa1]  (no source info available)
V  [jvm.dll+0x243dff]  (no source info available)
V  [jvm.dll+0x1c33a0]  (no source info available)
V  [jvm.dll+0x253cf1]  (no source info available)
V  [jvm.dll+0x251faa]  (no source info available)
V  [jvm.dll+0x3ee036]  (no source info available)
V  [jvm.dll+0x824f1b]  (no source info available)
V  [jvm.dll+0x6df055]  (no source info available)
C  [ucrtbase.dll+0x37b0]  (no source info available)
C  [KERNEL32.DLL+0x2e8d7]  (no source info available)
C  [ntdll.dll+0x3c34c]  (no source info available)

Lock stack of current Java thread (top to bottom):


---------------  P R O C E S S  ---------------

Threads class SMR info:
_java_thread_list=0x0000029a89968f50, length=14, elements={
0x0000029a249d8c90, 0x0000029a43c197f0, 0x0000029a43c1a250, 0x0000029a43c1b0c0,
0x0000029a43c1c330, 0x0000029a43c1cec0, 0x0000029a43c28f60, 0x0000029a43c3be40,
0x0000029a43c3ca20, 0x0000029a89177d40, 0x0000029a8919d030, 0x0000029a8a2386b0,
0x0000029a8b1ce230, 0x0000029a8b13a260
}

Java Threads: ( => current thread )
  0x0000029a249d8c90 JavaThread "main"                              [_thread_blocked, id=23032, stack(0x000000b5e8f00000,0x000000b5e9000000) (1024K)]
  0x0000029a43c197f0 JavaThread "Reference Handler"          daemon [_thread_blocked, id=11324, stack(0x000000b5e9700000,0x000000b5e9800000) (1024K)]
  0x0000029a43c1a250 JavaThread "Finalizer"                  daemon [_thread_blocked, id=17304, stack(0x000000b5e9800000,0x000000b5e9900000) (1024K)]
  0x0000029a43c1b0c0 JavaThread "Signal Dispatcher"          daemon [_thread_blocked, id=16744, stack(0x000000b5e9900000,0x000000b5e9a00000) (1024K)]
  0x0000029a43c1c330 JavaThread "Attach Listener"            daemon [_thread_blocked, id=6044, stack(0x000000b5e9a00000,0x000000b5e9b00000) (1024K)]
  0x0000029a43c1cec0 JavaThread "Service Thread"             daemon [_thread_blocked, id=14276, stack(0x000000b5e9b00000,0x000000b5e9c00000) (1024K)]
  0x0000029a43c28f60 JavaThread "Monitor Deflation Thread"   daemon [_thread_blocked, id=35412, stack(0x000000b5e9c00000,0x000000b5e9d00000) (1024K)]
=>0x0000029a43c3be40 JavaThread "C2 CompilerThread0"         daemon [_thread_in_native, id=34328, stack(0x000000b5e9d00000,0x000000b5e9e00000) (1024K)]
  0x0000029a43c3ca20 JavaThread "C1 CompilerThread0"         daemon [_thread_in_vm, id=13392, stack(0x000000b5e9e00000,0x000000b5e9f00000) (1024K)]
  0x0000029a89177d40 JavaThread "Notification Thread"        daemon [_thread_blocked, id=28608, stack(0x000000b5e9f00000,0x000000b5ea000000) (1024K)]
  0x0000029a8919d030 JavaThread "Common-Cleaner"             daemon [_thread_blocked, id=2912, stack(0x000000b5ea000000,0x000000b5ea100000) (1024K)]
  0x0000029a8a2386b0 JavaThread "Thread-1"                   daemon [_thread_blocked, id=7240, stack(0x000000b5eaa00000,0x000000b5eab00000) (1024K)]
  0x0000029a8b1ce230 JavaThread "C2 CompilerThread1"         daemon [_thread_in_native, id=33948, stack(0x000000b5ea100000,0x000000b5ea200000) (1024K)]
  0x0000029a8b13a260 JavaThread "C2 CompilerThread2"         daemon [_thread_in_native, id=2432, stack(0x000000b5eae00000,0x000000b5eaf00000) (1024K)]
Total: 14

Other Threads:
  0x0000029a43bfb990 VMThread "VM Thread"                           [id=31704, stack(0x000000b5e9600000,0x000000b5e9700000) (1024K)]
  0x0000029a43be8e40 WatcherThread "VM Periodic Task Thread"        [id=23560, stack(0x000000b5e9500000,0x000000b5e9600000) (1024K)]
  0x0000029a26ce56e0 WorkerThread "GC Thread#0"                     [id=29280, stack(0x000000b5e9000000,0x000000b5e9100000) (1024K)]
  0x0000029a89f36d10 WorkerThread "GC Thread#1"                     [id=32508, stack(0x000000b5ea200000,0x000000b5ea300000) (1024K)]
  0x0000029a8a041a70 WorkerThread "GC Thread#2"                     [id=14888, stack(0x000000b5ea300000,0x000000b5ea400000) (1024K)]
  0x0000029a89ef8bf0 WorkerThread "GC Thread#3"                     [id=14116, stack(0x000000b5ea400000,0x000000b5ea500000) (1024K)]
  0x0000029a89ef8fa0 WorkerThread "GC Thread#4"                     [id=22736, stack(0x000000b5ea500000,0x000000b5ea600000) (1024K)]
  0x0000029a89ef9350 WorkerThread "GC Thread#5"                     [id=27748, stack(0x000000b5ea600000,0x000000b5ea700000) (1024K)]
  0x0000029a89ef9700 WorkerThread "GC Thread#6"                     [id=34080, stack(0x000000b5ea700000,0x000000b5ea800000) (1024K)]
  0x0000029a89ef9ab0 WorkerThread "GC Thread#7"                     [id=25776, stack(0x000000b5ea800000,0x000000b5ea900000) (1024K)]
  0x0000029a89f3ff00 WorkerThread "GC Thread#8"                     [id=29152, stack(0x000000b5ea900000,0x000000b5eaa00000) (1024K)]
  0x0000029a8a5699d0 WorkerThread "GC Thread#9"                     [id=10696, stack(0x000000b5eab00000,0x000000b5eac00000) (1024K)]
  0x0000029a26cf9d30 ConcurrentGCThread "G1 Main Marker"            [id=14864, stack(0x000000b5e9100000,0x000000b5e9200000) (1024K)]
  0x0000029a26cfdb90 WorkerThread "G1 Conc#0"                       [id=16596, stack(0x000000b5e9200000,0x000000b5e9300000) (1024K)]
  0x0000029a8a569620 WorkerThread "G1 Conc#1"                       [id=20844, stack(0x000000b5eac00000,0x000000b5ead00000) (1024K)]
  0x0000029a8ab87fc0 WorkerThread "G1 Conc#2"                       [id=23284, stack(0x000000b5ead00000,0x000000b5eae00000) (1024K)]
  0x0000029a26d4ea80 ConcurrentGCThread "G1 Refine#0"               [id=31408, stack(0x000000b5e9300000,0x000000b5e9400000) (1024K)]
  0x0000029a43abd590 ConcurrentGCThread "G1 Service"                [id=30456, stack(0x000000b5e9400000,0x000000b5e9500000) (1024K)]
Total: 18

Threads with active compile tasks:
C2 CompilerThread0  20764 6398   !   4       com.sun.tools.javac.jvm.ClassReader::classSigToType (530 bytes)
C1 CompilerThread0  20764 6641       3       com.sun.tools.javac.comp.Resolve::findIdentInternal (106 bytes)
C2 CompilerThread1  20765 6591       4       com.sun.tools.javac.code.Symtab::lookupPackage (259 bytes)
C2 CompilerThread2  20765 6617       4       com.sun.tools.javac.jvm.ClassReader::sigToType (881 bytes)
Total: 4

VM state: not at safepoint (normal execution)

VM Mutex/Monitor currently owned by a thread:  ([mutex/lock_event])
[0x00007fff7f382490] MethodCompileQueue_lock - owner thread: 0x0000029a43c3ca20
[0x00007fff7f383810] CodeCache_lock - owner thread: 0x0000029a43c3ca20
[0x00007fff7f383990] Compile_lock - owner thread: 0x0000029a43c3ca20

Heap address: 0x0000000084400000, size: 1980 MB, Compressed Oops mode: 32-bit

CDS archive(s) mapped at: [0x0000029a44000000-0x0000029a44d70000-0x0000029a44d70000), size 14090240, SharedBaseAddress: 0x0000029a44000000, ArchiveRelocationMode: 1.
Compressed class space mapped at: 0x0000029a45000000-0x0000029a85000000, reserved size: 1073741824
Narrow klass base: 0x0000029a44000000, Narrow klass shift: 0, Narrow klass range: 0x41000000

GC Precious Log:
 CardTable entry size: 512
 Card Set container configuration: InlinePtr #cards 5 size 8 Array Of Cards #cards 10 size 36 Howl #buckets 4 coarsen threshold 1843 Howl Bitmap #cards 512 size 80 coarsen threshold 460 Card regions per heap region 1 cards per card region 2048
 CPUs: 12 total, 12 available
 Memory: 7916M
 Large Page Support: Disabled
 NUMA Support: Disabled
 Compressed Oops: Enabled (32-bit)
 Heap Region Size: 1M
 Heap Min Capacity: 8M
 Heap Initial Capacity: 124M
 Heap Max Capacity: 1980M
 Pre-touch: Disabled
 Parallel Workers: 10
 Concurrent Workers: 3
 Concurrent Refinement Workers: 10
 Periodic GC: Disabled

Heap:
 garbage-first heap   total reserved 2027520K, committed 92160K, used 81920K [0x0000000084400000, 0x0000000100000000)
  region size 1024K, 62 young (63488K), 8 survivors (8192K)
 Metaspace       used 27151K, committed 27584K, reserved 1114112K
  class space    used 3197K, committed 3392K, reserved 1048576K

Heap Regions: E=young(eden), S=young(survivor), O=old, HS=humongous(starts), HC=humongous(continues), CS=collection set, F=free, TAMS=top-at-mark-start, PB=parsable bottom
|   0|0x0000000084400000, 0x0000000084500000, 0x0000000084500000|100%| O|  |TAMS 0x0000000084400000| PB 0x0000000084400000| Untracked |  0
|   1|0x0000000084500000, 0x0000000084600000, 0x0000000084600000|100%| O|  |TAMS 0x0000000084500000| PB 0x0000000084500000| Untracked |  0
|   2|0x0000000084600000, 0x0000000084700000, 0x0000000084700000|100%| O|  |TAMS 0x0000000084600000| PB 0x0000000084600000| Untracked |  0
|   3|0x0000000084700000, 0x0000000084800000, 0x0000000084800000|100%| O|  |TAMS 0x0000000084700000| PB 0x0000000084700000| Untracked |  0
|   4|0x0000000084800000, 0x0000000084900000, 0x0000000084900000|100%| O|  |TAMS 0x0000000084800000| PB 0x0000000084800000| Untracked |  0
|   5|0x0000000084900000, 0x0000000084a00000, 0x0000000084a00000|100%| O|  |TAMS 0x0000000084900000| PB 0x0000000084900000| Untracked |  0
|   6|0x0000000084a00000, 0x0000000084b00000, 0x0000000084b00000|100%| O|  |TAMS 0x0000000084a00000| PB 0x0000000084a00000| Untracked |  0
|   7|0x0000000084b00000, 0x0000000084c00000, 0x0000000084c00000|100%| O|  |TAMS 0x0000000084b00000| PB 0x0000000084b00000| Untracked |  0
|   8|0x0000000084c00000, 0x0000000084d00000, 0x0000000084d00000|100%| O|  |TAMS 0x0000000084c00000| PB 0x0000000084c00000| Untracked |  0
|   9|0x0000000084d00000, 0x0000000084e00000, 0x0000000084e00000|100%| O|  |TAMS 0x0000000084d00000| PB 0x0000000084d00000| Untracked |  0
|  10|0x0000000084e00000, 0x0000000084f00000, 0x0000000084f00000|100%| O|Cm|TAMS 0x0000000084e00000| PB 0x0000000084e00000| Complete |  0
|  11|0x0000000084f00000, 0x0000000085000000, 0x0000000085000000|100%|HS|  |TAMS 0x0000000084f00000| PB 0x0000000084f00000| Complete |  0
|  12|0x0000000085000000, 0x0000000085100000, 0x0000000085100000|100%|HC|  |TAMS 0x0000000085000000| PB 0x0000000085000000| Complete |  0
|  13|0x0000000085100000, 0x0000000085200000, 0x0000000085200000|100%|HS|  |TAMS 0x0000000085100000| PB 0x0000000085100000| Complete |  0
|  14|0x0000000085200000, 0x0000000085300000, 0x0000000085300000|100%|HC|  |TAMS 0x0000000085200000| PB 0x0000000085200000| Complete |  0
|  15|0x0000000085300000, 0x0000000085400000, 0x0000000085400000|100%| O|  |TAMS 0x0000000085300000| PB 0x0000000085300000| Untracked |  0
|  16|0x0000000085400000, 0x0000000085500000, 0x0000000085500000|100%| O|  |TAMS 0x0000000085400000| PB 0x0000000085400000| Untracked |  0
|  17|0x0000000085500000, 0x0000000085600000, 0x0000000085600000|100%| O|  |TAMS 0x0000000085500000| PB 0x0000000085500000| Untracked |  0
|  18|0x0000000085600000, 0x0000000085680000, 0x0000000085700000| 50%| O|  |TAMS 0x0000000085600000| PB 0x0000000085600000| Untracked |  0
|  19|0x0000000085700000, 0x0000000085800000, 0x0000000085800000|100%|HS|  |TAMS 0x0000000085700000| PB 0x0000000085700000| Complete |  0
|  20|0x0000000085800000, 0x0000000085900000, 0x0000000085900000|100%|HS|  |TAMS 0x0000000085800000| PB 0x0000000085800000| Complete |  0
|  21|0x0000000085900000, 0x0000000085900000, 0x0000000085a00000|  0%| F|  |TAMS 0x0000000085900000| PB 0x0000000085900000| Untracked |  0
|  22|0x0000000085a00000, 0x0000000085a00000, 0x0000000085b00000|  0%| F|  |TAMS 0x0000000085a00000| PB 0x0000000085a00000| Untracked |  0
|  23|0x0000000085b00000, 0x0000000085b00000, 0x0000000085c00000|  0%| F|  |TAMS 0x0000000085b00000| PB 0x0000000085b00000| Untracked |  0
|  24|0x0000000085c00000, 0x0000000085c00000, 0x0000000085d00000|  0%| F|  |TAMS 0x0000000085c00000| PB 0x0000000085c00000| Untracked |  0
|  25|0x0000000085d00000, 0x0000000085d00000, 0x0000000085e00000|  0%| F|  |TAMS 0x0000000085d00000| PB 0x0000000085d00000| Untracked |  0
|  26|0x0000000085e00000, 0x0000000085e00000, 0x0000000085f00000|  0%| F|  |TAMS 0x0000000085e00000| PB 0x0000000085e00000| Untracked |  0
|  27|0x0000000085f00000, 0x0000000085f00000, 0x0000000086000000|  0%| F|  |TAMS 0x0000000085f00000| PB 0x0000000085f00000| Untracked |  0
|  28|0x0000000086000000, 0x0000000086080000, 0x0000000086100000| 50%| E|  |TAMS 0x0000000086000000| PB 0x0000000086000000| Complete |  0
|  29|0x0000000086100000, 0x0000000086200000, 0x0000000086200000|100%| E|CS|TAMS 0x0000000086100000| PB 0x0000000086100000| Complete |  1
|  30|0x0000000086200000, 0x0000000086300000, 0x0000000086300000|100%| E|CS|TAMS 0x0000000086200000| PB 0x0000000086200000| Complete |  0
|  31|0x0000000086300000, 0x0000000086400000, 0x0000000086400000|100%| E|CS|TAMS 0x0000000086300000| PB 0x0000000086300000| Complete |  0
|  32|0x0000000086400000, 0x0000000086500000, 0x0000000086500000|100%| E|CS|TAMS 0x0000000086400000| PB 0x0000000086400000| Complete |  0
|  33|0x0000000086500000, 0x0000000086600000, 0x0000000086600000|100%| E|CS|TAMS 0x0000000086500000| PB 0x0000000086500000| Complete |  0
|  34|0x0000000086600000, 0x0000000086700000, 0x0000000086700000|100%| E|CS|TAMS 0x0000000086600000| PB 0x0000000086600000| Complete |  0
|  35|0x0000000086700000, 0x0000000086800000, 0x0000000086800000|100%| E|CS|TAMS 0x0000000086700000| PB 0x0000000086700000| Complete |  0
|  36|0x0000000086800000, 0x0000000086900000, 0x0000000086900000|100%| E|CS|TAMS 0x0000000086800000| PB 0x0000000086800000| Complete |  0
|  37|0x0000000086900000, 0x0000000086a00000, 0x0000000086a00000|100%| E|CS|TAMS 0x0000000086900000| PB 0x0000000086900000| Complete |  0
|  38|0x0000000086a00000, 0x0000000086b00000, 0x0000000086b00000|100%| E|CS|TAMS 0x0000000086a00000| PB 0x0000000086a00000| Complete |  0
|  39|0x0000000086b00000, 0x0000000086c00000, 0x0000000086c00000|100%| E|CS|TAMS 0x0000000086b00000| PB 0x0000000086b00000| Complete |  0
|  40|0x0000000086c00000, 0x0000000086d00000, 0x0000000086d00000|100%| E|CS|TAMS 0x0000000086c00000| PB 0x0000000086c00000| Complete |  0
|  41|0x0000000086d00000, 0x0000000086e00000, 0x0000000086e00000|100%| E|CS|TAMS 0x0000000086d00000| PB 0x0000000086d00000| Complete |  0
|  42|0x0000000086e00000, 0x0000000086f00000, 0x0000000086f00000|100%| E|CS|TAMS 0x0000000086e00000| PB 0x0000000086e00000| Complete |  0
|  43|0x0000000086f00000, 0x0000000087000000, 0x0000000087000000|100%| E|CS|TAMS 0x0000000086f00000| PB 0x0000000086f00000| Complete |  0
|  44|0x0000000087000000, 0x0000000087100000, 0x0000000087100000|100%| E|CS|TAMS 0x0000000087000000| PB 0x0000000087000000| Complete |  0
|  45|0x0000000087100000, 0x0000000087200000, 0x0000000087200000|100%| E|CS|TAMS 0x0000000087100000| PB 0x0000000087100000| Complete |  0
|  46|0x0000000087200000, 0x0000000087300000, 0x0000000087300000|100%| E|CS|TAMS 0x0000000087200000| PB 0x0000000087200000| Complete |  0
|  47|0x0000000087300000, 0x0000000087400000, 0x0000000087400000|100%| E|CS|TAMS 0x0000000087300000| PB 0x0000000087300000| Complete |  0
|  48|0x0000000087400000, 0x0000000087500000, 0x0000000087500000|100%| E|CS|TAMS 0x0000000087400000| PB 0x0000000087400000| Complete |  0
|  49|0x0000000087500000, 0x0000000087600000, 0x0000000087600000|100%| E|CS|TAMS 0x0000000087500000| PB 0x0000000087500000| Complete |  0
|  50|0x0000000087600000, 0x0000000087700000, 0x0000000087700000|100%| E|CS|TAMS 0x0000000087600000| PB 0x0000000087600000| Complete |  0
|  51|0x0000000087700000, 0x0000000087800000, 0x0000000087800000|100%| E|CS|TAMS 0x0000000087700000| PB 0x0000000087700000| Complete |  0
|  52|0x0000000087800000, 0x0000000087900000, 0x0000000087900000|100%| E|CS|TAMS 0x0000000087800000| PB 0x0000000087800000| Complete |  0
|  53|0x0000000087900000, 0x0000000087a00000, 0x0000000087a00000|100%| E|CS|TAMS 0x0000000087900000| PB 0x0000000087900000| Complete |  0
|  54|0x0000000087a00000, 0x0000000087b00000, 0x0000000087b00000|100%| E|CS|TAMS 0x0000000087a00000| PB 0x0000000087a00000| Complete |  0
|  55|0x0000000087b00000, 0x0000000087c00000, 0x0000000087c00000|100%| E|CS|TAMS 0x0000000087b00000| PB 0x0000000087b00000| Complete |  0
|  56|0x0000000087c00000, 0x0000000087d00000, 0x0000000087d00000|100%| E|CS|TAMS 0x0000000087c00000| PB 0x0000000087c00000| Complete |  0
|  57|0x0000000087d00000, 0x0000000087e00000, 0x0000000087e00000|100%| E|CS|TAMS 0x0000000087d00000| PB 0x0000000087d00000| Complete |  0
|  58|0x0000000087e00000, 0x0000000087f00000, 0x0000000087f00000|100%| E|CS|TAMS 0x0000000087e00000| PB 0x0000000087e00000| Complete |  0
|  59|0x0000000087f00000, 0x0000000088000000, 0x0000000088000000|100%| E|CS|TAMS 0x0000000087f00000| PB 0x0000000087f00000| Complete |  0
|  60|0x0000000088000000, 0x0000000088100000, 0x0000000088100000|100%| E|CS|TAMS 0x0000000088000000| PB 0x0000000088000000| Complete |  0
|  61|0x0000000088100000, 0x0000000088200000, 0x0000000088200000|100%| E|CS|TAMS 0x0000000088100000| PB 0x0000000088100000| Complete |  0
|  62|0x0000000088200000, 0x0000000088300000, 0x0000000088300000|100%| E|CS|TAMS 0x0000000088200000| PB 0x0000000088200000| Complete |  0
|  63|0x0000000088300000, 0x0000000088400000, 0x0000000088400000|100%| E|CS|TAMS 0x0000000088300000| PB 0x0000000088300000| Complete |  0
|  64|0x0000000088400000, 0x0000000088500000, 0x0000000088500000|100%| E|CS|TAMS 0x0000000088400000| PB 0x0000000088400000| Complete |  0
|  65|0x0000000088500000, 0x0000000088600000, 0x0000000088600000|100%| E|CS|TAMS 0x0000000088500000| PB 0x0000000088500000| Complete |  0
|  66|0x0000000088600000, 0x0000000088700000, 0x0000000088700000|100%| E|CS|TAMS 0x0000000088600000| PB 0x0000000088600000| Complete |  0
|  67|0x0000000088700000, 0x0000000088800000, 0x0000000088800000|100%| E|CS|TAMS 0x0000000088700000| PB 0x0000000088700000| Complete |  0
|  68|0x0000000088800000, 0x0000000088900000, 0x0000000088900000|100%| E|CS|TAMS 0x0000000088800000| PB 0x0000000088800000| Complete |  0
|  69|0x0000000088900000, 0x0000000088a00000, 0x0000000088a00000|100%| E|CS|TAMS 0x0000000088900000| PB 0x0000000088900000| Complete |  0
|  70|0x0000000088a00000, 0x0000000088b00000, 0x0000000088b00000|100%| E|CS|TAMS 0x0000000088a00000| PB 0x0000000088a00000| Complete |  0
|  71|0x0000000088b00000, 0x0000000088c00000, 0x0000000088c00000|100%| E|CS|TAMS 0x0000000088b00000| PB 0x0000000088b00000| Complete |  0
|  72|0x0000000088c00000, 0x0000000088d00000, 0x0000000088d00000|100%| E|CS|TAMS 0x0000000088c00000| PB 0x0000000088c00000| Complete |  0
|  73|0x0000000088d00000, 0x0000000088e00000, 0x0000000088e00000|100%| E|CS|TAMS 0x0000000088d00000| PB 0x0000000088d00000| Complete |  0
|  74|0x0000000088e00000, 0x0000000088f00000, 0x0000000088f00000|100%| E|CS|TAMS 0x0000000088e00000| PB 0x0000000088e00000| Complete |  0
|  75|0x0000000088f00000, 0x0000000089000000, 0x0000000089000000|100%| E|CS|TAMS 0x0000000088f00000| PB 0x0000000088f00000| Complete |  0
|  76|0x0000000089000000, 0x0000000089100000, 0x0000000089100000|100%| E|  |TAMS 0x0000000089000000| PB 0x0000000089000000| Complete |  0
|  77|0x0000000089100000, 0x0000000089200000, 0x0000000089200000|100%| E|CS|TAMS 0x0000000089100000| PB 0x0000000089100000| Complete |  0
|  78|0x0000000089200000, 0x0000000089300000, 0x0000000089300000|100%| E|CS|TAMS 0x0000000089200000| PB 0x0000000089200000| Complete |  0
|  79|0x0000000089300000, 0x0000000089400000, 0x0000000089400000|100%| E|CS|TAMS 0x0000000089300000| PB 0x0000000089300000| Complete |  0
|  80|0x0000000089400000, 0x0000000089500000, 0x0000000089500000|100%| E|CS|TAMS 0x0000000089400000| PB 0x0000000089400000| Complete |  0
| 105|0x000000008ad00000, 0x000000008ad80000, 0x000000008ae00000| 50%| S|CS|TAMS 0x000000008ad00000| PB 0x000000008ad00000| Complete |  0
| 106|0x000000008ae00000, 0x000000008af00000, 0x000000008af00000|100%| S|CS|TAMS 0x000000008ae00000| PB 0x000000008ae00000| Complete |  0
| 107|0x000000008af00000, 0x000000008b000000, 0x000000008b000000|100%| S|CS|TAMS 0x000000008af00000| PB 0x000000008af00000| Complete |  0
| 108|0x000000008b000000, 0x000000008b100000, 0x000000008b100000|100%| S|CS|TAMS 0x000000008b000000| PB 0x000000008b000000| Complete |  0
| 109|0x000000008b100000, 0x000000008b200000, 0x000000008b200000|100%| S|CS|TAMS 0x000000008b100000| PB 0x000000008b100000| Complete |  0
| 110|0x000000008b200000, 0x000000008b300000, 0x000000008b300000|100%| S|CS|TAMS 0x000000008b200000| PB 0x000000008b200000| Complete |  0
| 111|0x000000008b300000, 0x000000008b400000, 0x000000008b400000|100%| S|CS|TAMS 0x000000008b300000| PB 0x000000008b300000| Complete |  0
| 112|0x000000008b400000, 0x000000008b500000, 0x000000008b500000|100%| S|CS|TAMS 0x000000008b400000| PB 0x000000008b400000| Complete |  0
| 123|0x000000008bf00000, 0x000000008c000000, 0x000000008c000000|100%| E|CS|TAMS 0x000000008bf00000| PB 0x000000008bf00000| Complete |  0

Card table byte_map: [0x0000029a3ecf0000,0x0000029a3f0d0000] _byte_map_base: 0x0000029a3e8ce000

Marking Bits: (CMBitMap*) 0x0000029a26ce5df0
 Bits: [0x0000029a3f0d0000, 0x0000029a40fc0000)

Polling page: 0x0000029a24b80000

Metaspace:

Usage:
  Non-class:     23.39 MB used.
      Class:      3.12 MB used.
       Both:     26.52 MB used.

Virtual space:
  Non-class space:       64.00 MB reserved,      23.62 MB ( 37%) committed,  1 nodes.
      Class space:        1.00 GB reserved,       3.31 MB ( <1%) committed,  1 nodes.
             Both:        1.06 GB reserved,      26.94 MB (  2%) committed. 

Chunk freelists:
   Non-Class:  8.42 MB
       Class:  12.58 MB
        Both:  21.00 MB

MaxMetaspaceSize: unlimited
CompressedClassSpaceSize: 1.00 GB
Initial GC threshold: 21.00 MB
Current GC threshold: 35.44 MB
CDS: on
 - commit_granule_bytes: 65536.
 - commit_granule_words: 8192.
 - virtual_space_node_default_size: 8388608.
 - enlarge_chunks_in_place: 1.
 - use_allocation_guard: 0.


Internal statistics:

num_allocs_failed_limit: 3.
num_arena_births: 270.
num_arena_deaths: 0.
num_vsnodes_births: 2.
num_vsnodes_deaths: 0.
num_space_committed: 431.
num_space_uncommitted: 0.
num_chunks_returned_to_freelist: 3.
num_chunks_taken_from_freelist: 1209.
num_chunk_merges: 3.
num_chunk_splits: 868.
num_chunks_enlarged: 701.
num_inconsistent_stats: 0.

CodeHeap 'non-profiled nmethods': size=120064Kb used=2827Kb max_used=2827Kb free=117236Kb
 bounds [0x0000029a36e80000, 0x0000029a37150000, 0x0000029a3e3c0000]
CodeHeap 'profiled nmethods': size=120000Kb used=11006Kb max_used=11006Kb free=108993Kb
 bounds [0x0000029a2f3c0000, 0x0000029a2fe80000, 0x0000029a368f0000]
CodeHeap 'non-nmethods': size=5696Kb used=1463Kb max_used=1502Kb free=4233Kb
 bounds [0x0000029a368f0000, 0x0000029a36b60000, 0x0000029a36e80000]
CodeCache: size=245760Kb, used=15296Kb, max_used=15335Kb, free=230462Kb
 total_blobs=7192, nmethods=6637, adapters=459, full_count=0
Compilation: enabled, stopped_count=0, restarted_count=0

Compilation events (20 events):
Event: 15.129 Thread 0x0000029a43c3ca20 6458       1       com.sun.tools.javac.code.Type$TypeVar::setUpperBound (6 bytes)
Event: 15.129 Thread 0x0000029a43c3ca20 nmethod 6458 0x0000029a37134708 code [0x0000029a37134820, 0x0000029a37134930]
Event: 15.129 Thread 0x0000029a43c3ca20 6462       1       com.sun.tools.javac.code.Type$DelegatedType::getTag (5 bytes)
Event: 15.130 Thread 0x0000029a43c3ca20 nmethod 6462 0x0000029a37134a08 code [0x0000029a37134b20, 0x0000029a37134be8]
Event: 15.131 Thread 0x0000029a8b1ce230 nmethod 6412 0x0000029a37134d08 code [0x0000029a37134e20, 0x0000029a37135238]
Event: 15.131 Thread 0x0000029a8b1ce230 6459       4       com.sun.tools.javac.code.Type$JCNoType::getTag (4 bytes)
Event: 15.131 Thread 0x0000029a8b1ce230 nmethod 6459 0x0000029a37135288 code [0x0000029a37135380, 0x0000029a37135400]
Event: 15.131 Thread 0x0000029a8b1ce230 6440       4       com.sun.tools.javac.tree.JCTree::pos (2 bytes)
Event: 15.132 Thread 0x0000029a8b1ce230 nmethod 6440 0x0000029a37135588 code [0x0000029a37135680, 0x0000029a371356f8]
Event: 15.132 Thread 0x0000029a8b1ce230 6447       4       com.sun.tools.javac.tree.JCTree$JCFieldAccess::getTag (4 bytes)
Event: 15.132 Thread 0x0000029a8b1ce230 nmethod 6447 0x0000029a37135888 code [0x0000029a37135980, 0x0000029a37135a00]
Event: 15.132 Thread 0x0000029a8b1ce230 6457       4       com.sun.tools.javac.code.Type$ClassType::getTag (4 bytes)
Event: 15.132 Thread 0x0000029a8b1ce230 nmethod 6457 0x0000029a37135b88 code [0x0000029a37135c80, 0x0000029a37135d00]
Event: 15.132 Thread 0x0000029a8b1ce230 6456       4       com.sun.tools.javac.platform.JDKPlatformProvider$PlatformDescriptionImpl$SigJavaFileObject::getKind (4 bytes)
Event: 15.132 Thread 0x0000029a8b1ce230 nmethod 6456 0x0000029a37135e88 code [0x0000029a37135f80, 0x0000029a37136000]
Event: 15.133 Thread 0x0000029a8b1ce230 6463       4       com.sun.tools.javac.jvm.Code::width (42 bytes)
Event: 15.133 Thread 0x0000029a8b1ce230 nmethod 6463 0x0000029a37136188 code [0x0000029a37136280, 0x0000029a37136328]
Event: 15.133 Thread 0x0000029a8b1ce230 6466       4       java.util.ImmutableCollections$ListN::size (6 bytes)
Event: 15.133 Thread 0x0000029a8b1ce230 nmethod 6466 0x0000029a37136488 code [0x0000029a37136580, 0x0000029a37136610]
Event: 15.136 Thread 0x0000029a8b13a260 nmethod 6394 0x0000029a37136788 code [0x0000029a371368a0, 0x0000029a37136c88]

GC Heap History (12 events):
Event: 1.001 GC heap before
{Heap before GC invocations=0 (full 0):
 garbage-first heap   total reserved 2027520K, committed 126976K, used 24576K [0x0000000084400000, 0x0000000100000000)
  region size 1024K, 24 young (24576K), 0 survivors (0K)
 Metaspace       used 5838K, committed 6016K, reserved 1114112K
  class space    used 723K, committed 768K, reserved 1048576K
}
Event: 1.014 GC heap after
{Heap after GC invocations=1 (full 0):
 garbage-first heap   total reserved 2027520K, committed 126976K, used 3848K [0x0000000084400000, 0x0000000100000000)
  region size 1024K, 3 young (3072K), 3 survivors (3072K)
 Metaspace       used 5838K, committed 6016K, reserved 1114112K
  class space    used 723K, committed 768K, reserved 1048576K
}
Event: 1.447 GC heap before
{Heap before GC invocations=1 (full 0):
 garbage-first heap   total reserved 2027520K, committed 126976K, used 26376K [0x0000000084400000, 0x0000000100000000)
  region size 1024K, 25 young (25600K), 3 survivors (3072K)
 Metaspace       used 8229K, committed 8448K, reserved 1114112K
  class space    used 1004K, committed 1088K, reserved 1048576K
}
Event: 1.453 GC heap after
{Heap after GC invocations=2 (full 0):
 garbage-first heap   total reserved 2027520K, committed 126976K, used 4810K [0x0000000084400000, 0x0000000100000000)
  region size 1024K, 1 young (1024K), 1 survivors (1024K)
 Metaspace       used 8229K, committed 8448K, reserved 1114112K
  class space    used 1004K, committed 1088K, reserved 1048576K
}
Event: 3.234 GC heap before
{Heap before GC invocations=2 (full 0):
 garbage-first heap   total reserved 2027520K, committed 126976K, used 62154K [0x0000000084400000, 0x0000000100000000)
  region size 1024K, 57 young (58368K), 1 survivors (1024K)
 Metaspace       used 15555K, committed 15808K, reserved 1114112K
  class space    used 1915K, committed 2048K, reserved 1048576K
}
Event: 3.246 GC heap after
{Heap after GC invocations=3 (full 0):
 garbage-first heap   total reserved 2027520K, committed 126976K, used 11466K [0x0000000084400000, 0x0000000100000000)
  region size 1024K, 8 young (8192K), 8 survivors (8192K)
 Metaspace       used 15555K, committed 15808K, reserved 1114112K
  class space    used 1915K, committed 2048K, reserved 1048576K
}
Event: 4.953 GC heap before
{Heap before GC invocations=3 (full 0):
 garbage-first heap   total reserved 2027520K, committed 126976K, used 68810K [0x0000000084400000, 0x0000000100000000)
  region size 1024K, 64 young (65536K), 8 survivors (8192K)
 Metaspace       used 16240K, committed 16448K, reserved 1114112K
  class space    used 1943K, committed 2048K, reserved 1048576K
}
Event: 4.970 GC heap after
{Heap after GC invocations=4 (full 0):
 garbage-first heap   total reserved 2027520K, committed 126976K, used 15736K [0x0000000084400000, 0x0000000100000000)
  region size 1024K, 5 young (5120K), 5 survivors (5120K)
 Metaspace       used 16240K, committed 16448K, reserved 1114112K
  class space    used 1943K, committed 2048K, reserved 1048576K
}
Event: 7.562 GC heap before
{Heap before GC invocations=4 (full 0):
 garbage-first heap   total reserved 2027520K, committed 126976K, used 82296K [0x0000000084400000, 0x0000000100000000)
  region size 1024K, 69 young (70656K), 5 survivors (5120K)
 Metaspace       used 20462K, committed 20800K, reserved 1114112K
  class space    used 2404K, committed 2560K, reserved 1048576K
}
Event: 7.576 GC heap after
{Heap after GC invocations=5 (full 0):
 garbage-first heap   total reserved 2027520K, committed 126976K, used 18296K [0x0000000084400000, 0x0000000100000000)
  region size 1024K, 7 young (7168K), 7 survivors (7168K)
 Metaspace       used 20462K, committed 20800K, reserved 1114112K
  class space    used 2404K, committed 2560K, reserved 1048576K
}
Event: 7.789 GC heap before
{Heap before GC invocations=5 (full 0):
 garbage-first heap   total reserved 2027520K, committed 126976K, used 32632K [0x0000000084400000, 0x0000000100000000)
  region size 1024K, 18 young (18432K), 7 survivors (7168K)
 Metaspace       used 21208K, committed 21504K, reserved 1114112K
  class space    used 2495K, committed 2624K, reserved 1048576K
}
Event: 7.802 GC heap after
{Heap after GC invocations=6 (full 0):
 garbage-first heap   total reserved 2027520K, committed 126976K, used 26624K [0x0000000084400000, 0x0000000100000000)
  region size 1024K, 8 young (8192K), 8 survivors (8192K)
 Metaspace       used 21208K, committed 21504K, reserved 1114112K
  class space    used 2495K, committed 2624K, reserved 1048576K
}

Dll operation events (8 events):
Event: 0.011 Loaded shared library C:\Program Files\Java\jdk-23\bin\java.dll
Event: 0.059 Loaded shared library C:\Program Files\Java\jdk-23\bin\jsvml.dll
Event: 0.096 Loaded shared library C:\Program Files\Java\jdk-23\bin\net.dll
Event: 0.102 Loaded shared library C:\Program Files\Java\jdk-23\bin\nio.dll
Event: 0.110 Loaded shared library C:\Program Files\Java\jdk-23\bin\zip.dll
Event: 0.376 Loaded shared library C:\Program Files\Java\jdk-23\bin\jimage.dll
Event: 0.381 Loaded shared library C:\Users\KUSH\.m2\wrapper\dists\apache-maven-3.9.11\d6d3cbd4012d4c1d840e93277aca316c\lib\jansi-native\Windows\x86_64\jansi.dll
Event: 0.416 Loaded shared library C:\Program Files\Java\jdk-23\bin\verify.dll

Deoptimization events (20 events):
Event: 10.939 Thread 0x0000029a249d8c90 Uncommon trap: trap_request=0xffffff45 fr.pc=0x0000029a3711b664 relative=0x0000000000000be4
Event: 10.939 Thread 0x0000029a249d8c90 Uncommon trap: reason=unstable_if action=reinterpret pc=0x0000029a3711b664 method=java.time.LocalDate.create(III)Ljava/time/LocalDate; @ 7 c2
Event: 10.939 Thread 0x0000029a249d8c90 DEOPT PACKING pc=0x0000029a3711b664 sp=0x000000b5e8ffcc40
Event: 10.939 Thread 0x0000029a249d8c90 DEOPT UNPACKING pc=0x0000029a36944402 sp=0x000000b5e8ffca28 mode 2
Event: 11.242 Thread 0x0000029a249d8c90 DEOPT PACKING pc=0x0000029a2fcb8e8e sp=0x000000b5e8ffcf40
Event: 11.242 Thread 0x0000029a249d8c90 DEOPT UNPACKING pc=0x0000029a36944b22 sp=0x000000b5e8ffc3c8 mode 0
Event: 11.249 Thread 0x0000029a249d8c90 DEOPT PACKING pc=0x0000029a2fcb8e8e sp=0x000000b5e8ffd0e0
Event: 11.249 Thread 0x0000029a249d8c90 DEOPT UNPACKING pc=0x0000029a36944b22 sp=0x000000b5e8ffc568 mode 0
Event: 11.254 Thread 0x0000029a249d8c90 Uncommon trap: trap_request=0xffffff45 fr.pc=0x0000029a37113b08 relative=0x00000000000005c8
Event: 11.255 Thread 0x0000029a249d8c90 Uncommon trap: reason=unstable_if action=reinterpret pc=0x0000029a37113b08 method=java.nio.file.FileTreeWalker.visit(Ljava/nio/file/Path;ZZ)Ljava/nio/file/FileTreeWalker$Event; @ 84 c2
Event: 11.255 Thread 0x0000029a249d8c90 DEOPT PACKING pc=0x0000029a37113b08 sp=0x000000b5e8ffd040
Event: 11.255 Thread 0x0000029a249d8c90 DEOPT UNPACKING pc=0x0000029a36944402 sp=0x000000b5e8ffd000 mode 2
Event: 11.255 Thread 0x0000029a249d8c90 Uncommon trap: trap_request=0xffffff45 fr.pc=0x0000029a3710f788 relative=0x00000000000021c8
Event: 11.255 Thread 0x0000029a249d8c90 Uncommon trap: reason=unstable_if action=reinterpret pc=0x0000029a3710f788 method=java.nio.file.FileTreeWalker.visit(Ljava/nio/file/Path;ZZ)Ljava/nio/file/FileTreeWalker$Event; @ 53 c2
Event: 11.255 Thread 0x0000029a249d8c90 DEOPT PACKING pc=0x0000029a3710f788 sp=0x000000b5e8ffd090
Event: 11.255 Thread 0x0000029a249d8c90 DEOPT UNPACKING pc=0x0000029a36944402 sp=0x000000b5e8ffcfe0 mode 2
Event: 13.907 Thread 0x0000029a249d8c90 Uncommon trap: trap_request=0xffffff45 fr.pc=0x0000029a370f835c relative=0x000000000000005c
Event: 13.907 Thread 0x0000029a249d8c90 Uncommon trap: reason=unstable_if action=reinterpret pc=0x0000029a370f835c method=com.sun.tools.javac.jvm.PoolReader.sizeof(I)I @ 1 c2
Event: 13.907 Thread 0x0000029a249d8c90 DEOPT PACKING pc=0x0000029a370f835c sp=0x000000b5e8ffc060
Event: 13.907 Thread 0x0000029a249d8c90 DEOPT UNPACKING pc=0x0000029a36944402 sp=0x000000b5e8ffbff0 mode 2

Classes loaded (20 events):
Event: 8.386 Loading class java/util/regex/Pattern$Bound
Event: 8.387 Loading class java/util/regex/Pattern$Bound done
Event: 8.506 Loading class java/util/RegularEnumSet$EnumSetIterator
Event: 8.506 Loading class java/util/RegularEnumSet$EnumSetIterator done
Event: 8.507 Loading class java/nio/file/FileVisitor
Event: 8.507 Loading class java/nio/file/FileVisitor done
Event: 8.507 Loading class sun/nio/fs/WindowsFileStore
Event: 8.508 Loading class sun/nio/fs/WindowsFileStore done
Event: 8.511 Loading class java/nio/file/SimpleFileVisitor
Event: 8.511 Loading class java/nio/file/SimpleFileVisitor done
Event: 8.511 Loading class java/nio/file/Files$3
Event: 8.511 Loading class java/nio/file/Files$3 done
Event: 8.511 Loading class java/nio/file/FileVisitResult
Event: 8.511 Loading class java/nio/file/FileVisitResult done
Event: 10.954 Loading class java/util/ComparableTimSort
Event: 10.961 Loading class java/util/ComparableTimSort done
Event: 11.020 Loading class java/nio/file/Files$2
Event: 11.021 Loading class java/nio/file/Files$2 done
Event: 11.254 Loading class java/nio/file/FileTreeWalker$1
Event: 11.254 Loading class java/nio/file/FileTreeWalker$1 done

Classes unloaded (0 events):
No events

Classes redefined (0 events):
No events

Internal exceptions (20 events):
Event: 13.800 Thread 0x0000029a249d8c90 Exception <a 'sun/nio/fs/WindowsException'{0x000000008685c6f0}> (0x000000008685c6f0) 
thrown [s\open\src\hotspot\share\prims\jni.cpp, line 520]
Event: 13.800 Thread 0x0000029a249d8c90 Exception <a 'sun/nio/fs/WindowsException'{0x0000000086866518}> (0x0000000086866518) 
thrown [s\open\src\hotspot\share\prims\jni.cpp, line 520]
Event: 13.801 Thread 0x0000029a249d8c90 Exception <a 'sun/nio/fs/WindowsException'{0x0000000086881ae0}> (0x0000000086881ae0) 
thrown [s\open\src\hotspot\share\prims\jni.cpp, line 520]
Event: 13.801 Thread 0x0000029a249d8c90 Exception <a 'sun/nio/fs/WindowsException'{0x00000000868829d0}> (0x00000000868829d0) 
thrown [s\open\src\hotspot\share\prims\jni.cpp, line 520]
Event: 13.804 Thread 0x0000029a249d8c90 Exception <a 'sun/nio/fs/WindowsException'{0x000000008689a6a8}> (0x000000008689a6a8) 
thrown [s\open\src\hotspot\share\prims\jni.cpp, line 520]
Event: 13.804 Thread 0x0000029a249d8c90 Exception <a 'sun/nio/fs/WindowsException'{0x00000000868b4410}> (0x00000000868b4410) 
thrown [s\open\src\hotspot\share\prims\jni.cpp, line 520]
Event: 13.806 Thread 0x0000029a249d8c90 Exception <a 'sun/nio/fs/WindowsException'{0x00000000868fa510}> (0x00000000868fa510) 
thrown [s\open\src\hotspot\share\prims\jni.cpp, line 520]
Event: 13.806 Thread 0x0000029a249d8c90 Exception <a 'sun/nio/fs/WindowsException'{0x00000000868fb370}> (0x00000000868fb370) 
thrown [s\open\src\hotspot\share\prims\jni.cpp, line 520]
Event: 15.112 Thread 0x0000029a249d8c90 Exception <a 'sun/nio/fs/WindowsException'{0x0000000086621630}> (0x0000000086621630) 
thrown [s\open\src\hotspot\share\prims\jni.cpp, line 520]
Event: 15.113 Thread 0x0000029a249d8c90 Exception <a 'sun/nio/fs/WindowsException'{0x0000000086624880}> (0x0000000086624880) 
thrown [s\open\src\hotspot\share\prims\jni.cpp, line 520]
Event: 15.113 Thread 0x0000029a249d8c90 Exception <a 'sun/nio/fs/WindowsException'{0x00000000866258d0}> (0x00000000866258d0) 
thrown [s\open\src\hotspot\share\prims\jni.cpp, line 520]
Event: 15.113 Thread 0x0000029a249d8c90 Exception <a 'sun/nio/fs/WindowsException'{0x00000000866267a0}> (0x00000000866267a0) 
thrown [s\open\src\hotspot\share\prims\jni.cpp, line 520]
Event: 15.113 Thread 0x0000029a249d8c90 Exception <a 'sun/nio/fs/WindowsException'{0x00000000866288a0}> (0x00000000866288a0) 
thrown [s\open\src\hotspot\share\prims\jni.cpp, line 520]
Event: 15.113 Thread 0x0000029a249d8c90 Exception <a 'sun/nio/fs/WindowsException'{0x000000008662a578}> (0x000000008662a578) 
thrown [s\open\src\hotspot\share\prims\jni.cpp, line 520]
Event: 15.113 Thread 0x0000029a249d8c90 Exception <a 'sun/nio/fs/WindowsException'{0x000000008662b5e0}> (0x000000008662b5e0) 
thrown [s\open\src\hotspot\share\prims\jni.cpp, line 520]
Event: 15.113 Thread 0x0000029a249d8c90 Exception <a 'sun/nio/fs/WindowsException'{0x000000008662c4c0}> (0x000000008662c4c0) 
thrown [s\open\src\hotspot\share\prims\jni.cpp, line 520]
Event: 15.114 Thread 0x0000029a249d8c90 Exception <a 'sun/nio/fs/WindowsException'{0x000000008662e8a0}> (0x000000008662e8a0) 
thrown [s\open\src\hotspot\share\prims\jni.cpp, line 520]
Event: 15.114 Thread 0x0000029a249d8c90 Exception <a 'sun/nio/fs/WindowsException'{0x00000000866332d0}> (0x00000000866332d0) 
thrown [s\open\src\hotspot\share\prims\jni.cpp, line 520]
Event: 15.114 Thread 0x0000029a249d8c90 Exception <a 'sun/nio/fs/WindowsException'{0x00000000866424c0}> (0x00000000866424c0) 
thrown [s\open\src\hotspot\share\prims\jni.cpp, line 520]
Event: 15.114 Thread 0x0000029a249d8c90 Exception <a 'sun/nio/fs/WindowsException'{0x0000000086643130}> (0x0000000086643130) 
thrown [s\open\src\hotspot\share\prims\jni.cpp, line 520]

VM Operations (20 events):
Event: 7.373 Executing VM operation: HandshakeAllThreads (Deoptimize)
Event: 7.373 Executing VM operation: HandshakeAllThreads (Deoptimize) done
Event: 7.383 Executing VM operation: HandshakeAllThreads (Deoptimize)
Event: 7.383 Executing VM operation: HandshakeAllThreads (Deoptimize) done
Event: 7.562 Executing VM operation: G1CollectForAllocation (G1 Evacuation Pause)
Event: 7.576 Executing VM operation: G1CollectForAllocation (G1 Evacuation Pause) done
Event: 7.627 Executing VM operation: HandshakeAllThreads (Deoptimize)
Event: 7.627 Executing VM operation: HandshakeAllThreads (Deoptimize) done
Event: 7.635 Executing VM operation: HandshakeAllThreads (Deoptimize)
Event: 7.635 Executing VM operation: HandshakeAllThreads (Deoptimize) done
Event: 7.648 Executing VM operation: HandshakeAllThreads (Deoptimize)
Event: 7.648 Executing VM operation: HandshakeAllThreads (Deoptimize) done
Event: 7.789 Executing VM operation: CollectForMetadataAllocation (Metadata GC Threshold)
Event: 7.802 Executing VM operation: CollectForMetadataAllocation (Metadata GC Threshold) done
Event: 7.813 Executing VM operation: G1PauseRemark
Event: 7.820 Executing VM operation: G1PauseRemark done
Event: 7.824 Executing VM operation: G1PauseCleanup
Event: 7.825 Executing VM operation: G1PauseCleanup done
Event: 8.341 Executing VM operation: HandshakeAllThreads (Deoptimize)
Event: 8.341 Executing VM operation: HandshakeAllThreads (Deoptimize) done

Memory protections (0 events):
No events

Nmethod flushes (0 events):
No events

Events (20 events):
Event: 0.053 Thread 0x0000029a249d8c90 Thread added: 0x0000029a43c28f60
Event: 0.054 Thread 0x0000029a249d8c90 Thread added: 0x0000029a43c3be40
Event: 0.054 Thread 0x0000029a249d8c90 Thread added: 0x0000029a43c3ca20
Event: 0.084 Thread 0x0000029a249d8c90 Thread added: 0x0000029a89177d40
Event: 0.090 Thread 0x0000029a249d8c90 Thread added: 0x0000029a8919d030
Event: 0.371 Thread 0x0000029a249d8c90 Thread added: 0x0000029a8941cfe0
Event: 0.834 Thread 0x0000029a8941cfe0 Thread exited: 0x0000029a8941cfe0
Event: 0.953 Thread 0x0000029a43c3ca20 Thread added: 0x0000029a89bb5f00
Event: 2.196 Thread 0x0000029a249d8c90 Thread added: 0x0000029a8a2386b0
Event: 4.473 Thread 0x0000029a89bb5f00 Thread exited: 0x0000029a89bb5f00
Event: 4.947 Thread 0x0000029a43c3be40 Thread added: 0x0000029a8b7df5b0
Event: 6.748 Thread 0x0000029a8b7df5b0 Thread exited: 0x0000029a8b7df5b0
Event: 7.760 Thread 0x0000029a43c3ca20 Thread added: 0x0000029a8aa41be0
Event: 8.244 Thread 0x0000029a8aa41be0 Thread exited: 0x0000029a8aa41be0
Event: 8.586 Thread 0x0000029a43c3ca20 Thread added: 0x0000029a8bce6120
Event: 10.948 Thread 0x0000029a43c3ca20 Thread added: 0x0000029a8c0cb010
Event: 11.228 Thread 0x0000029a8c0cb010 Thread exited: 0x0000029a8c0cb010
Event: 11.229 Thread 0x0000029a8bce6120 Thread exited: 0x0000029a8bce6120
Event: 15.107 Thread 0x0000029a43c3ca20 Thread added: 0x0000029a8b1ce230
Event: 15.109 Thread 0x0000029a43c3ca20 Thread added: 0x0000029a8b13a260


Dynamic libraries:
0x00007ff66b6c0000 - 0x00007ff66b6d0000 	C:\Program Files\Java\jdk-23\bin\java.exe
0x00007ffff69a0000 - 0x00007ffff6c07000 	C:\WINDOWS\SYSTEM32\ntdll.dll
0x00007ffff5130000 - 0x00007ffff51f9000 	C:\WINDOWS\System32\KERNEL32.DLL
0x00007ffff4110000 - 0x00007ffff4500000 	C:\WINDOWS\System32\KERNELBASE.dll
0x00007ffff3e80000 - 0x00007ffff3fcb000 	C:\WINDOWS\System32\ucrtbase.dll
0x00007fffe0140000 - 0x00007fffe0157000 	C:\Program Files\Java\jdk-23\bin\jli.dll
0x00007fffe0120000 - 0x00007fffe013b000 	C:\Program Files\Java\jdk-23\bin\VCRUNTIME140.dll
0x00007ffff6720000 - 0x00007ffff68e5000 	C:\WINDOWS\System32\USER32.dll
0x00007ffff3e50000 - 0x00007ffff3e77000 	C:\WINDOWS\System32\win32u.dll
0x00007fffce150000 - 0x00007fffce3ea000 	C:\WINDOWS\WinSxS\amd64_microsoft.windows.common-controls_6595b64144ccf1df_6.0.26100.4768_none_3e0c112ce331287c\COMCTL32.dll
0x00007ffff50b0000 - 0x00007ffff50db000 	C:\WINDOWS\System32\GDI32.dll
0x00007ffff5f70000 - 0x00007ffff6019000 	C:\WINDOWS\System32\msvcrt.dll
0x00007ffff3fd0000 - 0x00007ffff4108000 	C:\WINDOWS\System32\gdi32full.dll
0x00007ffff3ad0000 - 0x00007ffff3b73000 	C:\WINDOWS\System32\msvcp_win.dll
0x00007ffff68f0000 - 0x00007ffff691f000 	C:\WINDOWS\System32\IMM32.DLL
0x00007fffe7e60000 - 0x00007fffe7e6c000 	C:\Program Files\Java\jdk-23\bin\vcruntime140_1.dll
0x00007fffe0090000 - 0x00007fffe011e000 	C:\Program Files\Java\jdk-23\bin\msvcp140.dll
0x00007fff7e710000 - 0x00007fff7f45f000 	C:\Program Files\Java\jdk-23\bin\server\jvm.dll
0x00007ffff48a0000 - 0x00007ffff4954000 	C:\WINDOWS\System32\ADVAPI32.dll
0x00007ffff5200000 - 0x00007ffff52a6000 	C:\WINDOWS\System32\sechost.dll
0x00007ffff65f0000 - 0x00007ffff6708000 	C:\WINDOWS\System32\RPCRT4.dll
0x00007ffff5910000 - 0x00007ffff5984000 	C:\WINDOWS\System32\WS2_32.dll
0x00007fffe5630000 - 0x00007fffe5665000 	C:\WINDOWS\SYSTEM32\WINMM.dll
0x00007fffcf280000 - 0x00007fffcf28b000 	C:\WINDOWS\SYSTEM32\VERSION.dll
0x00007ffff3950000 - 0x00007ffff39ae000 	C:\WINDOWS\SYSTEM32\POWRPROF.dll
0x00007ffff3930000 - 0x00007ffff3944000 	C:\WINDOWS\SYSTEM32\UMPDC.dll
0x00007ffff2780000 - 0x00007ffff279b000 	C:\WINDOWS\SYSTEM32\kernel.appcore.dll
0x00007fffe0010000 - 0x00007fffe001a000 	C:\Program Files\Java\jdk-23\bin\jimage.dll
0x00007ffff10b0000 - 0x00007ffff12f1000 	C:\WINDOWS\SYSTEM32\DBGHELP.DLL
0x00007ffff5390000 - 0x00007ffff5715000 	C:\WINDOWS\System32\combase.dll
0x00007ffff5ce0000 - 0x00007ffff5dc0000 	C:\WINDOWS\System32\OLEAUT32.dll
0x00007fffc55c0000 - 0x00007fffc5603000 	C:\WINDOWS\SYSTEM32\dbgcore.DLL
0x00007ffff4510000 - 0x00007ffff45a9000 	C:\WINDOWS\System32\bcryptPrimitives.dll
0x00007fffdfff0000 - 0x00007fffe000e000 	C:\Program Files\Java\jdk-23\bin\java.dll
0x00007ffff5b30000 - 0x00007ffff5cd0000 	C:\WINDOWS\System32\ole32.dll
0x00007ffff4960000 - 0x00007ffff50ad000 	C:\WINDOWS\System32\SHELL32.dll
0x00007ffff45b0000 - 0x00007ffff4723000 	C:\WINDOWS\System32\wintypes.dll
0x00007ffff1670000 - 0x00007ffff1ecf000 	C:\WINDOWS\SYSTEM32\windows.storage.dll
0x00007ffff6020000 - 0x00007ffff6115000 	C:\WINDOWS\System32\SHCORE.dll
0x00007ffff5990000 - 0x00007ffff59fa000 	C:\WINDOWS\System32\shlwapi.dll
0x00007ffff39f0000 - 0x00007ffff3a19000 	C:\WINDOWS\SYSTEM32\profapi.dll
0x00007fffb94e0000 - 0x00007fffb95b7000 	C:\Program Files\Java\jdk-23\bin\jsvml.dll
0x00007fffdcd90000 - 0x00007fffdcda0000 	C:\Program Files\Java\jdk-23\bin\net.dll
0x00007ffff2dc0000 - 0x00007ffff2e2b000 	C:\WINDOWS\system32\mswsock.dll
0x00007fffdcd70000 - 0x00007fffdcd86000 	C:\Program Files\Java\jdk-23\bin\nio.dll
0x00007fffdcd50000 - 0x00007fffdcd67000 	C:\Program Files\Java\jdk-23\bin\zip.dll
0x00007fffd3850000 - 0x00007fffd3874000 	C:\Users\KUSH\.m2\wrapper\dists\apache-maven-3.9.11\d6d3cbd4012d4c1d840e93277aca316c\lib\jansi-native\Windows\x86_64\jansi.dll
0x00007fffdca70000 - 0x00007fffdca80000 	C:\Program Files\Java\jdk-23\bin\verify.dll

dbghelp: loaded successfully - version: 4.0.5 - missing functions: none
symbol engine: initialized successfully - sym options: 0x614 - pdb path: .;C:\Program Files\Java\jdk-23\bin;C:\WINDOWS\SYSTEM32;C:\WINDOWS\WinSxS\amd64_microsoft.windows.common-controls_6595b64144ccf1df_6.0.26100.4768_none_3e0c112ce331287c;C:\Program Files\Java\jdk-23\bin\server;C:\Users\KUSH\.m2\wrapper\dists\apache-maven-3.9.11\d6d3cbd4012d4c1d840e93277aca316c\lib\jansi-native\Windows\x86_64

VM Arguments:
jvm_args: --enable-native-access=ALL-UNNAMED -Dclassworlds.conf=C:\Users\KUSH\.m2\wrapper\dists\apache-maven-3.9.11\d6d3cbd4012d4c1d840e93277aca316c\bin\m2.conf -Dmaven.home=C:\Users\KUSH\.m2\wrapper\dists\apache-maven-3.9.11\d6d3cbd4012d4c1d840e93277aca316c -Dlibrary.jansi.path=C:\Users\KUSH\.m2\wrapper\dists\apache-maven-3.9.11\d6d3cbd4012d4c1d840e93277aca316c\lib\jansi-native -Dmaven.multiModuleProjectDirectory=A:\cargoProAssignment 
java_command: org.codehaus.plexus.classworlds.launcher.Launcher clean test
java_class_path (initial): C:\Users\KUSH\.m2\wrapper\dists\apache-maven-3.9.11\d6d3cbd4012d4c1d840e93277aca316c\boot\plexus-classworlds-2.9.0.jar
Launcher Type: SUN_STANDARD

[Global flags]
     intx CICompilerCount                          = 4                                         {product} {ergonomic}
     uint ConcGCThreads                            = 3                                         {product} {ergonomic}
     uint G1ConcRefinementThreads                  = 10                                        {product} {ergonomic}
   size_t G1HeapRegionSize                         = 1048576                                   {product} {ergonomic}
   size_t InitialHeapSize                          = 130023424                                 {product} {ergonomic}
   size_t MarkStackSize                            = 4194304                                   {product} {ergonomic}
   size_t MarkStackSizeMax                         = 536870912                                 {product} {ergonomic}
   size_t MaxHeapSize                              = 2076180480                                {product} {ergonomic}
   size_t MaxNewSize                               = 1245708288                                {product} {ergonomic}
   size_t MinHeapDeltaBytes                        = 1048576                                   {product} {ergonomic}
   size_t MinHeapSize                              = 8388608                                   {product} {ergonomic}
    uintx NonNMethodCodeHeapSize                   = 5832704                                {pd product} {ergonomic}
    uintx NonProfiledCodeHeapSize                  = 122945536                              {pd product} {ergonomic}
    uintx ProfiledCodeHeapSize                     = 122880000                              {pd product} {ergonomic}
    uintx ReservedCodeCacheSize                    = 251658240                              {pd product} {ergonomic}
     bool SegmentedCodeCache                       = true                                      {product} {ergonomic}
   size_t SoftMaxHeapSize                          = 2076180480                             {manageable} {ergonomic}
     bool UseCompressedOops                        = true                           {product lp64_product} {ergonomic}
     bool UseG1GC                                  = true                                      {product} {ergonomic}
     bool UseLargePagesIndividualAllocation        = false                                  {pd product} {ergonomic}

Logging:
Log output configuration:
 #0: stdout all=warning uptime,level,tags foldmultilines=false
 #1: stderr all=off uptime,level,tags foldmultilines=false

Environment Variables:
PATH=C:\Python312\Scripts\;C:\Python312\;C:\Program Files\Common Files\Oracle\Java\javapath;C:\WINDOWS\system32;C:\WINDOWS;C:\WINDOWS\System32\Wbem;C:\WINDOWS\System32\WindowsPowerShell\v1.0\;C:\WINDOWS\System32\OpenSSH\;C:\MinGW\bin;C:\Program Files\Java\jdk-19;C:\ProgramData\chocolatey\bin;C:\Program Files (x86)\Microsoft SQL Server\160\Tools\Binn\;C:\Program Files\Microsoft SQL Server\160\Tools\Binn\;C:\Program Files\Microsoft SQL Server\Client SDK\ODBC\170\Tools\Binn\;C:\Program Files\Microsoft SQL Server\160\DTS\Binn\;C:\Program Files\Git\cmd;C:\Program Files\nodejs\;C:\Program Files (x86)\Microsoft SQL Server\160\DTS\Binn\;C:\Program Files\MySQL\MySQL Server 8.0\bin;C:\Program Files\MongoDB\mongosh-2.5.5-win32-x64\bin;;C:\Program Files\Docker\Docker\resources\bin;C:\Program Files\MySQL\MySQL Shell 8.0\bin\;C:\Users\KUSH\AppData\Local\Programs\Python\Python311\Python311.dll;C:\Users\KUSH\AppData\Local\Microsoft\WindowsApps;C:\Users\KUSH\AppData\Local\Programs\Microsoft VS Code\bin;C:\Program Files\JetBrains\IntelliJ IDEA Community Edition 2024.3\bin;;C:\Program Files\JetBrains\PyCharm Community Edition 2022.3.2\bin;;C:\Program Files\nodejs;C:\Program Files\MinGW\bin;C:\Program Files\JetBrains\IntelliJ IDEA 2024.2.2\bin;;C:\Program Files\Java\jdk-23\bin;C:\apache-maven-3.9.9\bin;C:\Program Files\heroku\bin;C:\Users\KUSH\AppData\Roaming\npm
USERNAME=KUSH
OS=Windows_NT
PROCESSOR_IDENTIFIER=Intel64 Family 6 Model 154 Stepping 4, GenuineIntel
TMP=C:\Users\KUSH\AppData\Local\Temp
TEMP=C:\Users\KUSH\AppData\Local\Temp




Periodic native trim disabled

---------------  S Y S T E M  ---------------

OS:
 Windows 11 , 64 bit Build 26100 (10.0.26100.4768)
OS uptime: 4 days 13:00 hours
Hyper-V role detected

CPU: total 12 (initial active 12) (6 cores per cpu, 2 threads per core) family 6 model 154 stepping 4 microcode 0x433, cx8, cmov, fxsr, ht, mmx, 3dnowpref, sse, sse2, sse3, ssse3, sse4.1, sse4.2, popcnt, lzcnt, tsc, tscinvbit, avx, avx2, aes, erms, clmul, bmi1, bmi2, adx, sha, fma, vzeroupper, clflush, clflushopt, clwb, hv, serialize, rdtscp, rdpid, fsrm, gfni, f16c, cet_ibt, cet_ss
Processor Information for processor 0
  Max Mhz: 1300, Current Mhz: 1300, Mhz Limit: 1300
Processor Information for processor 1
  Max Mhz: 1300, Current Mhz: 1300, Mhz Limit: 1300
Processor Information for processor 2
  Max Mhz: 1300, Current Mhz: 1300, Mhz Limit: 1300
Processor Information for processor 3
  Max Mhz: 1300, Current Mhz: 1300, Mhz Limit: 1300
Processor Information for processor 4
  Max Mhz: 900, Current Mhz: 900, Mhz Limit: 900
Processor Information for processor 5
  Max Mhz: 900, Current Mhz: 900, Mhz Limit: 900
Processor Information for processor 6
  Max Mhz: 900, Current Mhz: 900, Mhz Limit: 900
Processor Information for processor 7
  Max Mhz: 900, Current Mhz: 900, Mhz Limit: 900
Processor Information for processor 8
  Max Mhz: 900, Current Mhz: 900, Mhz Limit: 900
Processor Information for processor 9
  Max Mhz: 900, Current Mhz: 900, Mhz Limit: 900
Processor Information for processor 10
  Max Mhz: 900, Current Mhz: 900, Mhz Limit: 900
Processor Information for processor 11
  Max Mhz: 900, Current Mhz: 900, Mhz Limit: 900

Memory: 4k page, system-wide physical 7916M (892M free)
TotalPageFile size 32492M (AvailPageFile size 0M)
current process WorkingSet (physical memory assigned to process): 194M, peak: 207M
current process commit charge ("private bytes"): 254M, peak: 281M

vm_info: Java HotSpot(TM) 64-Bit Server VM (23+37-2369) for windows-amd64 JRE (23+37-2369), built on 2024-08-20T16:01:23Z with MS VC++ 17.6 (VS2022)

END.
